      0s    0.0+ Opened E:/desktop_files/workplace/vscode/Csharp/LEAP71/PicoGKMedical/FluidSimulation/log\PicoGK.log
      0s    0.0+ 
      0s    0.0+ ----------------------------------------
      0s    0.0+ 
      0s    0.0+ Current time (UTC): 2026-04-13 13:24:06 (UTC)
      0s    0.0+ Current local time: 2026-04-13 21:24:06 (+08:00)
      0s    0.0+ 
      0s    0.0+ ----------------------------------------
      0s    0.0+ 
      0s    0.0+ System Info:
      0s    0.0+ 
      0s    0.0+ Machine Name:         LAPTOP-2GSHN7HM
      0s    0.0+ Operating System      Microsoft Windows 10.0.26200
      0s    0.0+ Version:              Microsoft Windows NT 10.0.26200.0
      0s    0.0+ OS Architecture:      X64
      0s    0.0+ Proc Architecture:    X64
      0s    0.0+ 64 Bit OS:            Yes
      0s    0.0+ 64 Bit Process:       Yes
      0s    0.0+ Processor Count:      24
      0s    0.0+ Working Set:          22MB
      0s    0.0+ C# Framework:         .NET 10.0.1
      0s    0.0+ C# CLR Version:       10.0.1
      0s    0.0+ PicoGK Path:          picogk.1.7
      0s    0.0+ Command Line:         E:\desktop_files\workplace\vscode\Csharp\LEAP71\PicoGKMedical\FluidSimulation\bin\Debug\net10.0\FluidSimulation.dll
      0s    0.0+ 
      0s    0.0+ ----------------------------------------
      0s    0.0+ 
      0s    0.0+ Welcome to PicoGK
      0s    0.0+ Creating Viewer
      0s    0.1+ PicoGK:    PicoGK Core Library
      0s    0.0+            1.7.1
      0s    0.0+            2024-08-03 22:17:59 picogk.1.7
      0s    0.0+ 
      0s    0.0+ VoxelSize: 0.3 (mm)
      0s    0.0+ Happy Computational Engineering!
      0s    0.0+ 
      0s    0.0+ 
      0s    0.0+ Loading lights embedded environment
      0s    0.0+ Starting tasks.
      0s    0.0+ 
      0s    0.0+ Loading Lights
      8s    8.1+ STL Export: E:/desktop_files/workplace/vscode/Csharp/LEAP71/PicoGKMedical/FluidSimulation/log\AeroTube_Full.STL exported.
     11s    3.0+ STL Export: E:/desktop_files/workplace/vscode/Csharp/LEAP71/PicoGKMedical/FluidSimulation/log\AeroTube_Tube.STL exported.
     11s    0.2+ STL Export: E:/desktop_files/workplace/vscode/Csharp/LEAP71/PicoGKMedical/FluidSimulation/log\AeroTube_Stage1_Vanes.STL exported.
     12s    0.2+ STL Export: E:/desktop_files/workplace/vscode/Csharp/LEAP71/PicoGKMedical/FluidSimulation/log\AeroTube_Stage2_Vanes.STL exported.
     58s   46.1+ Viewer Window Closed
     58s    0.1+ 
     58s    0.1+ ----------------------------------------
     58s    0.1+ 
     58s    0.0+ Closing log file.
     58s    0.0+ Current time (UTC): 2026-04-13 13:25:04 (UTC)
     58s    0.0+ Current local time: 2026-04-13 21:25:04 (+08:00)
     58s    0.0+ Done.
